<?xml version="1.0" encoding="UTF-8"?>
<testsuite name="org.example.BlackjackTest" tests="5" skipped="1" failures="0" errors="0" timestamp="2025-09-22T14:29:18" hostname="rend-V15x-V17xRNx" time="0.408">
  <properties/>
  <testcase name="tesDeckLogic()" classname="org.example.BlackjackTest" time="0.02"/>
  <testcase name="testMain()" classname="org.example.BlackjackTest" time="0.028"/>
  <testcase name="testRank()" classname="org.example.BlackjackTest" time="0.001"/>
  <testcase name="testSuit()" classname="org.example.BlackjackTest" time="0.0"/>
  <testcase name="testCardLogic()" classname="org.example.BlackjackTest" time="0.355">
    <skipped/>
  </testcase>
  <system-out><![CDATA[Добро пожаловать в мою реализацию игры BlackJack
Выберите количество колод: 
Раунд 1
Дилер раздал карты
    Ваши карты: [9 Пик (9), 2 Червей (2)] => 11
    Карты дилера: [7 Бубен (7) <SecreteCard>]
Ваш ход:
-------
Введите "1", чтобы взять карту, и "0", чтобы остановиться...
Ход дилера:
-------
Дилер открыл свою вторую карту
    Ваши карты: [9 Пик (9), 2 Червей (2)] => 11
    Карты дилера: [7 Бубен (7), 4 Пик (4)] => 11
Дилер открыл карту 10 Червей (10)
    Ваши карты: [9 Пик (9), 2 Червей (2)] => 11
    Карты дилера: [7 Бубен (7), 4 Пик (4), 10 Червей (10)] => 21
Вы проиграли раунд! :( Счет 0:1 в пользу дилера.
Хотите сыграть ещё?(Введите 1 для следующего раунда, 0 чтобы закончить игру)
Раунд 2
Дилер раздал карты
    Ваши карты: [4 Червей (4), 4 Бубен (4)] => 8
    Карты дилера: [2 Треф (2) <SecreteCard>]
Ваш ход:
-------
Введите "1", чтобы взять карту, и "0", чтобы остановиться...
Ход дилера:
-------
Дилер открыл свою вторую карту
    Ваши карты: [4 Червей (4), 4 Бубен (4)] => 8
    Карты дилера: [2 Треф (2), 6 Бубен (6)] => 8
Дилер открыл карту Дама Бубен (10)
    Ваши карты: [4 Червей (4), 4 Бубен (4)] => 8
    Карты дилера: [2 Треф (2), 6 Бубен (6), Дама Бубен (10)] => 18
Вы проиграли раунд! :( Счет 0:2 в пользу дилера.
Хотите сыграть ещё?(Введите 1 для следующего раунда, 0 чтобы закончить игру)
Раунд 3
Дилер раздал карты
    Ваши карты: [6 Треф (6), 2 Треф (2)] => 8
    Карты дилера: [Король Пик (10) <SecreteCard>]
Ваш ход:
-------
Введите "1", чтобы взять карту, и "0", чтобы остановиться...
Ход дилера:
-------
Дилер открыл свою вторую карту
    Ваши карты: [6 Треф (6), 2 Треф (2)] => 8
    Карты дилера: [Король Пик (10), 5 Червей (5)] => 15
Дилер открыл карту Дама Червей (10)
    Ваши карты: [6 Треф (6), 2 Треф (2)] => 8
    Карты дилера: [Король Пик (10), 5 Червей (5), Дама Червей (10)] => 25
Вы выиграли раунд! :) Счет 1:2 в пользу дилера.
Хотите сыграть ещё?(Введите 1 для следующего раунда, 0 чтобы закончить игру)
Раунд 4
Дилер раздал карты
    Ваши карты: [3 Пик (3), 7 Пик (7)] => 10
    Карты дилера: [8 Червей (8) <SecreteCard>]
Ваш ход:
-------
Введите "1", чтобы взять карту, и "0", чтобы остановиться...
Ход дилера:
-------
Дилер открыл свою вторую карту
    Ваши карты: [3 Пик (3), 7 Пик (7)] => 10
    Карты дилера: [8 Червей (8), 3 Бубен (3)] => 11
Дилер открыл карту 3 Червей (3)
    Ваши карты: [3 Пик (3), 7 Пик (7)] => 10
    Карты дилера: [8 Червей (8), 3 Бубен (3), 3 Червей (3)] => 14
Дилер открыл карту 10 Пик (10)
    Ваши карты: [3 Пик (3), 7 Пик (7)] => 10
    Карты дилера: [8 Червей (8), 3 Бубен (3), 3 Червей (3), 10 Пик (10)] => 24
Вы выиграли раунд! :) Счет 2:2
Хотите сыграть ещё?(Введите 1 для следующего раунда, 0 чтобы закончить игру)
Раунд 5
Дилер раздал карты
    Ваши карты: [10 Треф (10), 5 Треф (5)] => 15
    Карты дилера: [2 Бубен (2) <SecreteCard>]
Ваш ход:
-------
Введите "1", чтобы взять карту, и "0", чтобы остановиться...
Ход дилера:
-------
Дилер открыл свою вторую карту
    Ваши карты: [10 Треф (10), 5 Треф (5)] => 15
    Карты дилера: [2 Бубен (2), Дама Червей (10)] => 12
Дилер открыл карту 8 Пик (8)
    Ваши карты: [10 Треф (10), 5 Треф (5)] => 15
    Карты дилера: [2 Бубен (2), Дама Червей (10), 8 Пик (8)] => 20
Вы проиграли раунд! :( Счет 2:3 в пользу дилера.
Хотите сыграть ещё?(Введите 1 для следующего раунда, 0 чтобы закончить игру)
Раунд 6
Дилер раздал карты
    Ваши карты: [Туз Червей (11), 5 Треф (5)] => 16
    Карты дилера: [7 Червей (7) <SecreteCard>]
Ваш ход:
-------
Введите "1", чтобы взять карту, и "0", чтобы остановиться...
Ход дилера:
-------
Дилер открыл свою вторую карту
    Ваши карты: [Туз Червей (11), 5 Треф (5)] => 16
    Карты дилера: [7 Червей (7), 10 Бубен (10)] => 17
Вы проиграли раунд! :( Счет 2:4 в пользу дилера.
Хотите сыграть ещё?(Введите 1 для следующего раунда, 0 чтобы закончить игру)
Раунд 7
Дилер раздал карты
    Ваши карты: [2 Пик (2), 5 Пик (5)] => 7
    Карты дилера: [4 Треф (4) <SecreteCard>]
Ваш ход:
-------
Введите "1", чтобы взять карту, и "0", чтобы остановиться...
Ход дилера:
-------
Дилер открыл свою вторую карту
    Ваши карты: [2 Пик (2), 5 Пик (5)] => 7
    Карты дилера: [4 Треф (4), 4 Червей (4)] => 8
Дилер открыл карту 8 Треф (8)
    Ваши карты: [2 Пик (2), 5 Пик (5)] => 7
    Карты дилера: [4 Треф (4), 4 Червей (4), 8 Треф (8)] => 16
Дилер открыл карту 10 Червей (10)
    Ваши карты: [2 Пик (2), 5 Пик (5)] => 7
    Карты дилера: [4 Треф (4), 4 Червей (4), 8 Треф (8), 10 Червей (10)] => 26
Вы выиграли раунд! :) Счет 3:4 в пользу дилера.
Хотите сыграть ещё?(Введите 1 для следующего раунда, 0 чтобы закончить игру)
Раунд 8
Дилер раздал карты
    Ваши карты: [7 Пик (7), Дама Пик (10)] => 17
    Карты дилера: [8 Бубен (8) <SecreteCard>]
Ваш ход:
-------
Введите "1", чтобы взять карту, и "0", чтобы остановиться...
Ход дилера:
-------
Дилер открыл свою вторую карту
    Ваши карты: [7 Пик (7), Дама Пик (10)] => 17
    Карты дилера: [8 Бубен (8), Король Червей (10)] => 18
Вы проиграли раунд! :( Счет 3:5 в пользу дилера.
Хотите сыграть ещё?(Введите 1 для следующего раунда, 0 чтобы закончить игру)
Раунд 9
Дилер раздал карты
    Ваши карты: [9 Треф (9), 7 Треф (7)] => 16
    Карты дилера: [3 Бубен (3) <SecreteCard>]
Ваш ход:
-------
Введите "1", чтобы взять карту, и "0", чтобы остановиться...
Ход дилера:
-------
Дилер открыл свою вторую карту
    Ваши карты: [9 Треф (9), 7 Треф (7)] => 16
    Карты дилера: [3 Бубен (3), 5 Бубен (5)] => 8
Дилер открыл карту Король Бубен (10)
    Ваши карты: [9 Треф (9), 7 Треф (7)] => 16
    Карты дилера: [3 Бубен (3), 5 Бубен (5), Король Бубен (10)] => 18
Вы проиграли раунд! :( Счет 3:6 в пользу дилера.
Хотите сыграть ещё?(Введите 1 для следующего раунда, 0 чтобы закончить игру)
Раунд 10
Дилер раздал карты
    Ваши карты: [Дама Треф (10), Валет Пик (10)] => 20
    Карты дилера: [7 Червей (7) <SecreteCard>]
Ваш ход:
-------
Введите "1", чтобы взять карту, и "0", чтобы остановиться...
Ход дилера:
-------
Дилер открыл свою вторую карту
    Ваши карты: [Дама Треф (10), Валет Пик (10)] => 20
    Карты дилера: [7 Червей (7), Туз Пик (11)] => 18
Вы выиграли раунд! :) Счет 4:6 в пользу дилера.
Хотите сыграть ещё?(Введите 1 для следующего раунда, 0 чтобы закончить игру)
Раунд 11
Дилер раздал карты
    Ваши карты: [7 Бубен (7), Король Червей (10)] => 17
    Карты дилера: [6 Червей (6) <SecreteCard>]
Ваш ход:
-------
Введите "1", чтобы взять карту, и "0", чтобы остановиться...
Ход дилера:
-------
Дилер открыл свою вторую карту
    Ваши карты: [7 Бубен (7), Король Червей (10)] => 17
    Карты дилера: [6 Червей (6), 8 Пик (8)] => 14
Дилер открыл карту Валет Бубен (10)
    Ваши карты: [7 Бубен (7), Король Червей (10)] => 17
    Карты дилера: [6 Червей (6), 8 Пик (8), Валет Бубен (10)] => 24
Вы выиграли раунд! :) Счет 5:6 в пользу дилера.
Хотите сыграть ещё?(Введите 1 для следующего раунда, 0 чтобы закончить игру)
Раунд 12
Дилер раздал карты
    Ваши карты: [Туз Бубен (11), Дама Бубен (10)] => 21
    Карты дилера: [6 Червей (6) <SecreteCard>]
Ваш ход:
-------
Введите "1", чтобы взять карту, и "0", чтобы остановиться...
Ход дилера:
-------
Дилер открыл свою вторую карту
    Ваши карты: [Туз Бубен (11), Дама Бубен (10)] => 21
    Карты дилера: [6 Червей (6), Валет Треф (10)] => 16
Дилер открыл карту 6 Треф (6)
    Ваши карты: [Туз Бубен (11), Дама Бубен (10)] => 21
    Карты дилера: [6 Червей (6), Валет Треф (10), 6 Треф (6)] => 22
Вы выиграли раунд! :) Счет 6:6
Хотите сыграть ещё?(Введите 1 для следующего раунда, 0 чтобы закончить игру)
Финальный счёт: 6:6
Спасибо за игру заходи ещё
]]></system-out>
  <system-err><![CDATA[]]></system-err>
</testsuite>
