<?xml version="1.0" encoding="UTF-8"?>
<testsuite name="org.example.BlackjackTest" tests="5" skipped="1" failures="0" errors="0" timestamp="2025-09-22T05:14:57" hostname="rend-V15x-V17xRNx" time="0.633">
  <properties/>
  <testcase name="tesDeckLogic()" classname="org.example.BlackjackTest" time="0.073"/>
  <testcase name="testMain()" classname="org.example.BlackjackTest" time="0.126"/>
  <testcase name="testRank()" classname="org.example.BlackjackTest" time="0.003"/>
  <testcase name="testSuit()" classname="org.example.BlackjackTest" time="0.005"/>
  <testcase name="testCardLogic()" classname="org.example.BlackjackTest" time="0.406">
    <skipped/>
  </testcase>
  <system-out><![CDATA[Добро пожаловать в мою реализацию игры BlackJack
Выберите количество колод: 
Раунд 1
Дилер раздал карты
    Ваши карты: [Дама Червей (10), 3 Пик (3)] => 13
    Карты дилера: [5 Пик (5) <SecreteCard>]
Ваш ход:
-------
Введите "1", чтобы взять карту, и "0", чтобы остановиться...
Ход дилера:
-------
Дилер открыл свою вторую карту
    Ваши карты: [Дама Червей (10), 3 Пик (3)] => 13
    Карты дилера: [5 Пик (5), Дама Треф (10)] => 15
Дилер открыл карту 7 Червей (7)
    Ваши карты: [Дама Червей (10), 3 Пик (3)] => 13
    Карты дилера: [5 Пик (5), Дама Треф (10), 7 Червей (7)] => 22
Вы выиграли раунд! :) Счет 1:0 в вашу пользу.
Хотите сыграть ещё?(Введите 1 для следующего раунда, 0 чтобы закончить игру)
Раунд 2
Дилер раздал карты
    Ваши карты: [Валет Треф (10), Туз Червей (11)] => 21
    Карты дилера: [3 Червей (3) <SecreteCard>]
Ваш ход:
-------
Введите "1", чтобы взять карту, и "0", чтобы остановиться...
Ход дилера:
-------
Дилер открыл свою вторую карту
    Ваши карты: [Валет Треф (10), Туз Червей (11)] => 21
    Карты дилера: [3 Червей (3), Туз Пик (11)] => 14
Дилер открыл карту 8 Пик (8)
    Ваши карты: [Валет Треф (10), Туз Червей (11)] => 21
    Карты дилера: [3 Червей (3), Туз Пик (11), 8 Пик (8)] => 12
Дилер открыл карту 9 Треф (9)
    Ваши карты: [Валет Треф (10), Туз Червей (11)] => 21
    Карты дилера: [3 Червей (3), Туз Пик (11), 8 Пик (8), 9 Треф (9)] => 31
Вы выиграли раунд! :) Счет 2:0 в вашу пользу.
Хотите сыграть ещё?(Введите 1 для следующего раунда, 0 чтобы закончить игру)
Раунд 3
Дилер раздал карты
    Ваши карты: [2 Бубен (2), Дама Пик (10)] => 12
    Карты дилера: [Туз Червей (11) <SecreteCard>]
Ваш ход:
-------
Введите "1", чтобы взять карту, и "0", чтобы остановиться...
Ход дилера:
-------
Дилер открыл свою вторую карту
    Ваши карты: [2 Бубен (2), Дама Пик (10)] => 12
    Карты дилера: [Туз Червей (11), 10 Червей (10)] => 21
Вы проиграли раунд! :( Счет 2:1 в вашу пользу.
Хотите сыграть ещё?(Введите 1 для следующего раунда, 0 чтобы закончить игру)
Раунд 4
Дилер раздал карты
    Ваши карты: [10 Бубен (10), 5 Пик (5)] => 15
    Карты дилера: [3 Пик (3) <SecreteCard>]
Ваш ход:
-------
Введите "1", чтобы взять карту, и "0", чтобы остановиться...
Ход дилера:
-------
Дилер открыл свою вторую карту
    Ваши карты: [10 Бубен (10), 5 Пик (5)] => 15
    Карты дилера: [3 Пик (3), 10 Бубен (10)] => 13
Дилер открыл карту 7 Пик (7)
    Ваши карты: [10 Бубен (10), 5 Пик (5)] => 15
    Карты дилера: [3 Пик (3), 10 Бубен (10), 7 Пик (7)] => 20
Вы проиграли раунд! :( Счет 2:2
Хотите сыграть ещё?(Введите 1 для следующего раунда, 0 чтобы закончить игру)
Раунд 5
Дилер раздал карты
    Ваши карты: [9 Треф (9), 2 Треф (2)] => 11
    Карты дилера: [6 Червей (6) <SecreteCard>]
Ваш ход:
-------
Введите "1", чтобы взять карту, и "0", чтобы остановиться...
Ход дилера:
-------
Дилер открыл свою вторую карту
    Ваши карты: [9 Треф (9), 2 Треф (2)] => 11
    Карты дилера: [6 Червей (6), Валет Пик (10)] => 16
Дилер открыл карту 2 Бубен (2)
    Ваши карты: [9 Треф (9), 2 Треф (2)] => 11
    Карты дилера: [6 Червей (6), Валет Пик (10), 2 Бубен (2)] => 18
Вы проиграли раунд! :( Счет 2:3 в пользу дилера.
Хотите сыграть ещё?(Введите 1 для следующего раунда, 0 чтобы закончить игру)
Раунд 6
Дилер раздал карты
    Ваши карты: [Туз Бубен (11), Король Бубен (10)] => 21
    Карты дилера: [Дама Пик (10) <SecreteCard>]
Ваш ход:
-------
Введите "1", чтобы взять карту, и "0", чтобы остановиться...
Ход дилера:
-------
Дилер открыл свою вторую карту
    Ваши карты: [Туз Бубен (11), Король Бубен (10)] => 21
    Карты дилера: [Дама Пик (10), 8 Треф (8)] => 18
Вы выиграли раунд! :) Счет 3:3
Хотите сыграть ещё?(Введите 1 для следующего раунда, 0 чтобы закончить игру)
Раунд 7
Дилер раздал карты
    Ваши карты: [Валет Бубен (10), Валет Червей (10)] => 20
    Карты дилера: [10 Пик (10) <SecreteCard>]
Ваш ход:
-------
Введите "1", чтобы взять карту, и "0", чтобы остановиться...
Ход дилера:
-------
Дилер открыл свою вторую карту
    Ваши карты: [Валет Бубен (10), Валет Червей (10)] => 20
    Карты дилера: [10 Пик (10), Валет Пик (10)] => 20
Количество очков одинаковое
 Счёт:3:3
Хотите сыграть ещё?(Введите 1 для следующего раунда, 0 чтобы закончить игру)
Раунд 8
Дилер раздал карты
    Ваши карты: [4 Треф (4), Валет Треф (10)] => 14
    Карты дилера: [3 Треф (3) <SecreteCard>]
Ваш ход:
-------
Введите "1", чтобы взять карту, и "0", чтобы остановиться...
Ход дилера:
-------
Дилер открыл свою вторую карту
    Ваши карты: [4 Треф (4), Валет Треф (10)] => 14
    Карты дилера: [3 Треф (3), 6 Треф (6)] => 9
Дилер открыл карту 8 Треф (8)
    Ваши карты: [4 Треф (4), Валет Треф (10)] => 14
    Карты дилера: [3 Треф (3), 6 Треф (6), 8 Треф (8)] => 17
Вы проиграли раунд! :( Счет 3:4 в пользу дилера.
Хотите сыграть ещё?(Введите 1 для следующего раунда, 0 чтобы закончить игру)
Раунд 9
Дилер раздал карты
    Ваши карты: [9 Бубен (9), 10 Треф (10)] => 19
    Карты дилера: [Туз Пик (11) <SecreteCard>]
Ваш ход:
-------
Введите "1", чтобы взять карту, и "0", чтобы остановиться...
Ход дилера:
-------
Дилер открыл свою вторую карту
    Ваши карты: [9 Бубен (9), 10 Треф (10)] => 19
    Карты дилера: [Туз Пик (11), 8 Червей (8)] => 19
Количество очков одинаковое
 Счёт:3:4
Хотите сыграть ещё?(Введите 1 для следующего раунда, 0 чтобы закончить игру)
Раунд 10
Дилер раздал карты
    Ваши карты: [3 Бубен (3), 7 Пик (7)] => 10
    Карты дилера: [Король Пик (10) <SecreteCard>]
Ваш ход:
-------
Введите "1", чтобы взять карту, и "0", чтобы остановиться...
Ход дилера:
-------
Дилер открыл свою вторую карту
    Ваши карты: [3 Бубен (3), 7 Пик (7)] => 10
    Карты дилера: [Король Пик (10), 8 Бубен (8)] => 18
Вы проиграли раунд! :( Счет 3:5 в пользу дилера.
Хотите сыграть ещё?(Введите 1 для следующего раунда, 0 чтобы закончить игру)
Раунд 11
Дилер раздал карты
    Ваши карты: [9 Пик (9), 2 Червей (2)] => 11
    Карты дилера: [5 Бубен (5) <SecreteCard>]
Ваш ход:
-------
Введите "1", чтобы взять карту, и "0", чтобы остановиться...
Ход дилера:
-------
Дилер открыл свою вторую карту
    Ваши карты: [9 Пик (9), 2 Червей (2)] => 11
    Карты дилера: [5 Бубен (5), 6 Бубен (6)] => 11
Дилер открыл карту Король Треф (10)
    Ваши карты: [9 Пик (9), 2 Червей (2)] => 11
    Карты дилера: [5 Бубен (5), 6 Бубен (6), Король Треф (10)] => 21
Вы проиграли раунд! :( Счет 3:6 в пользу дилера.
Хотите сыграть ещё?(Введите 1 для следующего раунда, 0 чтобы закончить игру)
Раунд 12
Дилер раздал карты
    Ваши карты: [6 Бубен (6), 5 Треф (5)] => 11
    Карты дилера: [7 Бубен (7) <SecreteCard>]
Ваш ход:
-------
Введите "1", чтобы взять карту, и "0", чтобы остановиться...
Ход дилера:
-------
Дилер открыл свою вторую карту
    Ваши карты: [6 Бубен (6), 5 Треф (5)] => 11
    Карты дилера: [7 Бубен (7), Туз Треф (11)] => 18
Вы проиграли раунд! :( Счет 3:7 в пользу дилера.
Хотите сыграть ещё?(Введите 1 для следующего раунда, 0 чтобы закончить игру)
Финальный счёт: 3:7
Спасибо за игру заходи ещё
]]></system-out>
  <system-err><![CDATA[]]></system-err>
</testsuite>
