<?xml version="1.0" encoding="UTF-8"?>
<testsuite name="org.example.BlackjackTest" tests="6" skipped="1" failures="0" errors="0" timestamp="2025-09-23T12:37:09" hostname="rend-V15x-V17xRNx" time="0.412">
  <properties/>
  <testcase name="tesDeckLogic()" classname="org.example.BlackjackTest" time="0.02"/>
  <testcase name="testMain()" classname="org.example.BlackjackTest" time="0.028"/>
  <testcase name="testMove()" classname="org.example.BlackjackTest" time="0.002"/>
  <testcase name="testRank()" classname="org.example.BlackjackTest" time="0.001"/>
  <testcase name="testSuit()" classname="org.example.BlackjackTest" time="0.0"/>
  <testcase name="testCardLogic()" classname="org.example.BlackjackTest" time="0.354">
    <skipped/>
  </testcase>
  <system-out><![CDATA[Добро пожаловать в мою реализацию игры BlackJack
Выберите количество колод: 
Раунд 1
Дилер раздал карты
    Ваши карты: [4 Червей (4), Туз Треф (11)] => 15
    Карты дилера: [8 Пик (8) <SecreteCard>]
Ваш ход:
-------
Введите "1", чтобы взять карту, и "0", чтобы остановиться...
Ход дилера:
-------
Дилер открыл свою вторую карту
    Ваши карты: [4 Червей (4), Туз Треф (11)] => 15
    Карты дилера: [8 Пик (8), 7 Бубен (7)] => 15
Дилер открыл карту 10 Бубен (10)
    Ваши карты: [4 Червей (4), Туз Треф (11)] => 15
    Карты дилера: [8 Пик (8), 7 Бубен (7), 10 Бубен (10)] => 25
Вы выиграли раунд! :) Счет 1:0 в вашу пользу.
Хотите сыграть ещё?(Введите 1 для следующего раунда, 0 чтобы закончить игру)
Раунд 2
Дилер раздал карты
    Ваши карты: [Король Бубен (10), Король Червей (10)] => 20
    Карты дилера: [3 Бубен (3) <SecreteCard>]
Ваш ход:
-------
Введите "1", чтобы взять карту, и "0", чтобы остановиться...
Ход дилера:
-------
Дилер открыл свою вторую карту
    Ваши карты: [Король Бубен (10), Король Червей (10)] => 20
    Карты дилера: [3 Бубен (3), 4 Бубен (4)] => 7
Дилер открыл карту 5 Червей (5)
    Ваши карты: [Король Бубен (10), Король Червей (10)] => 20
    Карты дилера: [3 Бубен (3), 4 Бубен (4), 5 Червей (5)] => 12
Дилер открыл карту 9 Треф (9)
    Ваши карты: [Король Бубен (10), Король Червей (10)] => 20
    Карты дилера: [3 Бубен (3), 4 Бубен (4), 5 Червей (5), 9 Треф (9)] => 21
Вы проиграли раунд! :( Счет 1:1
Хотите сыграть ещё?(Введите 1 для следующего раунда, 0 чтобы закончить игру)
Раунд 3
Дилер раздал карты
    Ваши карты: [Дама Пик (10), 9 Треф (9)] => 19
    Карты дилера: [Король Червей (10) <SecreteCard>]
Ваш ход:
-------
Введите "1", чтобы взять карту, и "0", чтобы остановиться...
Ход дилера:
-------
Дилер открыл свою вторую карту
    Ваши карты: [Дама Пик (10), 9 Треф (9)] => 19
    Карты дилера: [Король Червей (10), 3 Треф (3)] => 13
Дилер открыл карту 5 Червей (5)
    Ваши карты: [Дама Пик (10), 9 Треф (9)] => 19
    Карты дилера: [Король Червей (10), 3 Треф (3), 5 Червей (5)] => 18
Вы выиграли раунд! :) Счет 2:1 в вашу пользу.
Хотите сыграть ещё?(Введите 1 для следующего раунда, 0 чтобы закончить игру)
Раунд 4
Дилер раздал карты
    Ваши карты: [Король Треф (10), 4 Бубен (4)] => 14
    Карты дилера: [Валет Пик (10) <SecreteCard>]
Ваш ход:
-------
Введите "1", чтобы взять карту, и "0", чтобы остановиться...
Ход дилера:
-------
Дилер открыл свою вторую карту
    Ваши карты: [Король Треф (10), 4 Бубен (4)] => 14
    Карты дилера: [Валет Пик (10), Валет Бубен (10)] => 20
Вы проиграли раунд! :( Счет 2:2
Хотите сыграть ещё?(Введите 1 для следующего раунда, 0 чтобы закончить игру)
Раунд 5
Дилер раздал карты
    Ваши карты: [Валет Треф (10), Валет Бубен (10)] => 20
    Карты дилера: [10 Треф (10) <SecreteCard>]
Ваш ход:
-------
Введите "1", чтобы взять карту, и "0", чтобы остановиться...
Ход дилера:
-------
Дилер открыл свою вторую карту
    Ваши карты: [Валет Треф (10), Валет Бубен (10)] => 20
    Карты дилера: [10 Треф (10), 6 Пик (6)] => 16
Дилер открыл карту 7 Червей (7)
    Ваши карты: [Валет Треф (10), Валет Бубен (10)] => 20
    Карты дилера: [10 Треф (10), 6 Пик (6), 7 Червей (7)] => 23
Вы выиграли раунд! :) Счет 3:2 в вашу пользу.
Хотите сыграть ещё?(Введите 1 для следующего раунда, 0 чтобы закончить игру)
Раунд 6
Дилер раздал карты
    Ваши карты: [9 Червей (9), 2 Треф (2)] => 11
    Карты дилера: [2 Треф (2) <SecreteCard>]
Ваш ход:
-------
Введите "1", чтобы взять карту, и "0", чтобы остановиться...
Ход дилера:
-------
Дилер открыл свою вторую карту
    Ваши карты: [9 Червей (9), 2 Треф (2)] => 11
    Карты дилера: [2 Треф (2), 10 Червей (10)] => 12
Дилер открыл карту 7 Бубен (7)
    Ваши карты: [9 Червей (9), 2 Треф (2)] => 11
    Карты дилера: [2 Треф (2), 10 Червей (10), 7 Бубен (7)] => 19
Вы проиграли раунд! :( Счет 3:3
Хотите сыграть ещё?(Введите 1 для следующего раунда, 0 чтобы закончить игру)
Раунд 7
Дилер раздал карты
    Ваши карты: [9 Бубен (9), 2 Червей (2)] => 11
    Карты дилера: [6 Червей (6) <SecreteCard>]
Ваш ход:
-------
Введите "1", чтобы взять карту, и "0", чтобы остановиться...
Ход дилера:
-------
Дилер открыл свою вторую карту
    Ваши карты: [9 Бубен (9), 2 Червей (2)] => 11
    Карты дилера: [6 Червей (6), 9 Червей (9)] => 15
Дилер открыл карту 7 Червей (7)
    Ваши карты: [9 Бубен (9), 2 Червей (2)] => 11
    Карты дилера: [6 Червей (6), 9 Червей (9), 7 Червей (7)] => 22
Вы выиграли раунд! :) Счет 4:3 в вашу пользу.
Хотите сыграть ещё?(Введите 1 для следующего раунда, 0 чтобы закончить игру)
Раунд 8
Дилер раздал карты
    Ваши карты: [9 Пик (9), 3 Червей (3)] => 12
    Карты дилера: [8 Бубен (8) <SecreteCard>]
Ваш ход:
-------
Введите "1", чтобы взять карту, и "0", чтобы остановиться...
Ход дилера:
-------
Дилер открыл свою вторую карту
    Ваши карты: [9 Пик (9), 3 Червей (3)] => 12
    Карты дилера: [8 Бубен (8), 3 Червей (3)] => 11
Дилер открыл карту 6 Бубен (6)
    Ваши карты: [9 Пик (9), 3 Червей (3)] => 12
    Карты дилера: [8 Бубен (8), 3 Червей (3), 6 Бубен (6)] => 17
Вы проиграли раунд! :( Счет 4:4
Хотите сыграть ещё?(Введите 1 для следующего раунда, 0 чтобы закончить игру)
Раунд 9
Дилер раздал карты
    Ваши карты: [Король Пик (10), 10 Пик (10)] => 20
    Карты дилера: [7 Пик (7) <SecreteCard>]
Ваш ход:
-------
Введите "1", чтобы взять карту, и "0", чтобы остановиться...
Ход дилера:
-------
Дилер открыл свою вторую карту
    Ваши карты: [Король Пик (10), 10 Пик (10)] => 20
    Карты дилера: [7 Пик (7), 8 Червей (8)] => 15
Дилер открыл карту 7 Треф (7)
    Ваши карты: [Король Пик (10), 10 Пик (10)] => 20
    Карты дилера: [7 Пик (7), 8 Червей (8), 7 Треф (7)] => 22
Вы выиграли раунд! :) Счет 5:4 в вашу пользу.
Хотите сыграть ещё?(Введите 1 для следующего раунда, 0 чтобы закончить игру)
Раунд 10
Дилер раздал карты
    Ваши карты: [2 Бубен (2), Король Бубен (10)] => 12
    Карты дилера: [Дама Пик (10) <SecreteCard>]
Ваш ход:
-------
Введите "1", чтобы взять карту, и "0", чтобы остановиться...
Ход дилера:
-------
Дилер открыл свою вторую карту
    Ваши карты: [2 Бубен (2), Король Бубен (10)] => 12
    Карты дилера: [Дама Пик (10), 5 Пик (5)] => 15
Дилер открыл карту 8 Червей (8)
    Ваши карты: [2 Бубен (2), Король Бубен (10)] => 12
    Карты дилера: [Дама Пик (10), 5 Пик (5), 8 Червей (8)] => 23
Вы выиграли раунд! :) Счет 6:4 в вашу пользу.
Хотите сыграть ещё?(Введите 1 для следующего раунда, 0 чтобы закончить игру)
Раунд 11
Дилер раздал карты
    Ваши карты: [Туз Червей (11), 3 Пик (3)] => 14
    Карты дилера: [Дама Бубен (10) <SecreteCard>]
Ваш ход:
-------
Введите "1", чтобы взять карту, и "0", чтобы остановиться...
Ход дилера:
-------
Дилер открыл свою вторую карту
    Ваши карты: [Туз Червей (11), 3 Пик (3)] => 14
    Карты дилера: [Дама Бубен (10), 6 Треф (6)] => 16
Дилер открыл карту 5 Бубен (5)
    Ваши карты: [Туз Червей (11), 3 Пик (3)] => 14
    Карты дилера: [Дама Бубен (10), 6 Треф (6), 5 Бубен (5)] => 21
Вы проиграли раунд! :( Счет 6:5 в вашу пользу.
Хотите сыграть ещё?(Введите 1 для следующего раунда, 0 чтобы закончить игру)
Раунд 12
Дилер раздал карты
    Ваши карты: [5 Бубен (5), Дама Треф (10)] => 15
    Карты дилера: [10 Пик (10) <SecreteCard>]
Ваш ход:
-------
Введите "1", чтобы взять карту, и "0", чтобы остановиться...
Ход дилера:
-------
Дилер открыл свою вторую карту
    Ваши карты: [5 Бубен (5), Дама Треф (10)] => 15
    Карты дилера: [10 Пик (10), Туз Треф (11)] => 21
Вы проиграли раунд! :( Счет 6:6
Хотите сыграть ещё?(Введите 1 для следующего раунда, 0 чтобы закончить игру)
Финальный счёт: 6:6
Спасибо за игру заходи ещё
Добро пожаловать в мою реализацию игры BlackJack
Выберите количество колод: 
]]></system-out>
  <system-err><![CDATA[]]></system-err>
</testsuite>
