<?xml version="1.0" encoding="UTF-8"?>
<testsuite name="org.example.BlackjackTest" tests="1" skipped="1" failures="0" errors="0" timestamp="2025-09-17T17:45:42" hostname="rend-V15x-V17xRNx" time="0.347">
  <properties/>
  <testcase name="testGameLogic()" classname="org.example.BlackjackTest" time="0.347">
    <skipped/>
  </testcase>
  <system-out><![CDATA[]]></system-out>
  <system-err><![CDATA[]]></system-err>
</testsuite>
