<?xml version="1.0" encoding="UTF-8"?>
<testsuite name="org.example.BlackjackTest" tests="4" skipped="1" failures="0" errors="0" timestamp="2025-09-18T18:45:48" hostname="rend-V15x-V17xRNx" time="0.385">
  <properties/>
  <testcase name="tesDeckLogic()" classname="org.example.BlackjackTest" time="0.019"/>
  <testcase name="testMain()" classname="org.example.BlackjackTest" time="0.02"/>
  <testcase name="testCardLogic()" classname="org.example.BlackjackTest" time="0.001"/>
  <testcase name="testHandLogic()" classname="org.example.BlackjackTest" time="0.343">
    <skipped/>
  </testcase>
  <system-out><![CDATA[Добро пожаловать в мою реализацию игры BlackJack
Выберите количество колод: 
Раунд 1
Дилер раздал карты
    Ваши карты: [Валет Червей (10), 4 Пик (4)] => 14
    Карты дилера: [Туз Треф (11) <SecreteCard>]
Ваш ход:
-------
Введите “1”, чтобы взять карту, и “0”, чтобы остановиться...
Ход дилера:
-------
Дилер открыл свою вторую карту
    Ваши карты: [Валет Червей (10), 4 Пик (4)] => 14
    Карты диллера: [Туз Треф (11), 6 Треф (6)] => 17
Вы проиграли раунд! :( Счет 0:1 в пользу дилера.
Хотите сыграть ещё?(Введите 1 для следующего раунда, 0 чтобы закончить игру)
Раунд 2
Дилер раздал карты
    Ваши карты: [9 Треф (9), 10 Бубен (10)] => 19
    Карты дилера: [5 Бубен (5) <SecreteCard>]
Ваш ход:
-------
Введите “1”, чтобы взять карту, и “0”, чтобы остановиться...
Ход дилера:
-------
Дилер открыл свою вторую карту
    Ваши карты: [9 Треф (9), 10 Бубен (10)] => 19
    Карты диллера: [5 Бубен (5), 3 Пик (3)] => 8
Дилер открыл карту 7 Бубен (7)
    Ваши карты: [9 Треф (9), 10 Бубен (10)] => 19
    Карты диллера: [5 Бубен (5), 3 Пик (3), 7 Бубен (7)] => 15
Дилер открыл карту 4 Треф (4)
    Ваши карты: [9 Треф (9), 10 Бубен (10)] => 19
    Карты диллера: [5 Бубен (5), 3 Пик (3), 7 Бубен (7), 4 Треф (4)] => 19
Количество очков одинаковое
 Счёт:0:1
Хотите сыграть ещё?(Введите 1 для следующего раунда, 0 чтобы закончить игру)
Раунд 3
Дилер раздал карты
    Ваши карты: [Дама Пик (10), Валет Бубен (10)] => 20
    Карты дилера: [4 Червей (4) <SecreteCard>]
Ваш ход:
-------
Введите “1”, чтобы взять карту, и “0”, чтобы остановиться...
Ход дилера:
-------
Дилер открыл свою вторую карту
    Ваши карты: [Дама Пик (10), Валет Бубен (10)] => 20
    Карты диллера: [4 Червей (4), 3 Треф (3)] => 7
Дилер открыл карту 4 Треф (4)
    Ваши карты: [Дама Пик (10), Валет Бубен (10)] => 20
    Карты диллера: [4 Червей (4), 3 Треф (3), 4 Треф (4)] => 11
Дилер открыл карту 7 Бубен (7)
    Ваши карты: [Дама Пик (10), Валет Бубен (10)] => 20
    Карты диллера: [4 Червей (4), 3 Треф (3), 4 Треф (4), 7 Бубен (7)] => 18
Вы выиграли раунд! :) Счет 1:1
Хотите сыграть ещё?(Введите 1 для следующего раунда, 0 чтобы закончить игру)
Раунд 4
Дилер раздал карты
    Ваши карты: [9 Бубен (9), 7 Пик (7)] => 16
    Карты дилера: [8 Бубен (8) <SecreteCard>]
Ваш ход:
-------
Введите “1”, чтобы взять карту, и “0”, чтобы остановиться...
Ход дилера:
-------
Дилер открыл свою вторую карту
    Ваши карты: [9 Бубен (9), 7 Пик (7)] => 16
    Карты диллера: [8 Бубен (8), Дама Червей (10)] => 18
Вы проиграли раунд! :( Счет 1:2 в пользу дилера.
Хотите сыграть ещё?(Введите 1 для следующего раунда, 0 чтобы закончить игру)
Раунд 5
Дилер раздал карты
    Ваши карты: [Король Треф (10), Король Пик (10)] => 20
    Карты дилера: [3 Треф (3) <SecreteCard>]
Ваш ход:
-------
Введите “1”, чтобы взять карту, и “0”, чтобы остановиться...
Ход дилера:
-------
Дилер открыл свою вторую карту
    Ваши карты: [Король Треф (10), Король Пик (10)] => 20
    Карты диллера: [3 Треф (3), 4 Пик (4)] => 7
Дилер открыл карту 6 Червей (6)
    Ваши карты: [Король Треф (10), Король Пик (10)] => 20
    Карты диллера: [3 Треф (3), 4 Пик (4), 6 Червей (6)] => 13
Дилер открыл карту Туз Пик (11)
    Ваши карты: [Король Треф (10), Король Пик (10)] => 20
    Карты диллера: [3 Треф (3), 4 Пик (4), 6 Червей (6), Туз Пик (11)] => 14
Дилер открыл карту 7 Треф (7)
    Ваши карты: [Король Треф (10), Король Пик (10)] => 20
    Карты диллера: [3 Треф (3), 4 Пик (4), 6 Червей (6), Туз Пик (11), 7 Треф (7)] => 31
Вы выиграли раунд! :) Счет 2:2
Хотите сыграть ещё?(Введите 1 для следующего раунда, 0 чтобы закончить игру)
Раунд 6
Дилер раздал карты
    Ваши карты: [Король Бубен (10), Валет Пик (10)] => 20
    Карты дилера: [9 Пик (9) <SecreteCard>]
Ваш ход:
-------
Введите “1”, чтобы взять карту, и “0”, чтобы остановиться...
Ход дилера:
-------
Дилер открыл свою вторую карту
    Ваши карты: [Король Бубен (10), Валет Пик (10)] => 20
    Карты диллера: [9 Пик (9), 2 Червей (2)] => 11
Дилер открыл карту 10 Пик (10)
    Ваши карты: [Король Бубен (10), Валет Пик (10)] => 20
    Карты диллера: [9 Пик (9), 2 Червей (2), 10 Пик (10)] => 21
Вы проиграли раунд! :( Счет 2:3 в пользу дилера.
Хотите сыграть ещё?(Введите 1 для следующего раунда, 0 чтобы закончить игру)
Раунд 7
Дилер раздал карты
    Ваши карты: [10 Бубен (10), 3 Пик (3)] => 13
    Карты дилера: [Король Треф (10) <SecreteCard>]
Ваш ход:
-------
Введите “1”, чтобы взять карту, и “0”, чтобы остановиться...
Ход дилера:
-------
Дилер открыл свою вторую карту
    Ваши карты: [10 Бубен (10), 3 Пик (3)] => 13
    Карты диллера: [Король Треф (10), Король Червей (10)] => 20
Вы проиграли раунд! :( Счет 2:4 в пользу дилера.
Хотите сыграть ещё?(Введите 1 для следующего раунда, 0 чтобы закончить игру)
Раунд 8
Дилер раздал карты
    Ваши карты: [2 Пик (2), 9 Бубен (9)] => 11
    Карты дилера: [Валет Треф (10) <SecreteCard>]
Ваш ход:
-------
Введите “1”, чтобы взять карту, и “0”, чтобы остановиться...
Ход дилера:
-------
Дилер открыл свою вторую карту
    Ваши карты: [2 Пик (2), 9 Бубен (9)] => 11
    Карты диллера: [Валет Треф (10), 6 Треф (6)] => 16
Дилер открыл карту 6 Бубен (6)
    Ваши карты: [2 Пик (2), 9 Бубен (9)] => 11
    Карты диллера: [Валет Треф (10), 6 Треф (6), 6 Бубен (6)] => 22
Вы выиграли раунд! :) Счет 3:4 в пользу дилера.
Хотите сыграть ещё?(Введите 1 для следующего раунда, 0 чтобы закончить игру)
Раунд 9
Дилер раздал карты
    Ваши карты: [Валет Бубен (10), Король Бубен (10)] => 20
    Карты дилера: [5 Червей (5) <SecreteCard>]
Ваш ход:
-------
Введите “1”, чтобы взять карту, и “0”, чтобы остановиться...
Ход дилера:
-------
Дилер открыл свою вторую карту
    Ваши карты: [Валет Бубен (10), Король Бубен (10)] => 20
    Карты диллера: [5 Червей (5), 7 Пик (7)] => 12
Дилер открыл карту Дама Бубен (10)
    Ваши карты: [Валет Бубен (10), Король Бубен (10)] => 20
    Карты диллера: [5 Червей (5), 7 Пик (7), Дама Бубен (10)] => 22
Вы выиграли раунд! :) Счет 4:4
Хотите сыграть ещё?(Введите 1 для следующего раунда, 0 чтобы закончить игру)
Раунд 10
Дилер раздал карты
    Ваши карты: [2 Треф (2), Дама Пик (10)] => 12
    Карты дилера: [6 Пик (6) <SecreteCard>]
Ваш ход:
-------
Введите “1”, чтобы взять карту, и “0”, чтобы остановиться...
Ход дилера:
-------
Дилер открыл свою вторую карту
    Ваши карты: [2 Треф (2), Дама Пик (10)] => 12
    Карты диллера: [6 Пик (6), 2 Пик (2)] => 8
Дилер открыл карту Дама Треф (10)
    Ваши карты: [2 Треф (2), Дама Пик (10)] => 12
    Карты диллера: [6 Пик (6), 2 Пик (2), Дама Треф (10)] => 18
Вы проиграли раунд! :( Счет 4:5 в пользу дилера.
Хотите сыграть ещё?(Введите 1 для следующего раунда, 0 чтобы закончить игру)
Раунд 11
Дилер раздал карты
    Ваши карты: [Дама Бубен (10), 6 Пик (6)] => 16
    Карты дилера: [3 Червей (3) <SecreteCard>]
Ваш ход:
-------
Введите “1”, чтобы взять карту, и “0”, чтобы остановиться...
Ход дилера:
-------
Дилер открыл свою вторую карту
    Ваши карты: [Дама Бубен (10), 6 Пик (6)] => 16
    Карты диллера: [3 Червей (3), 8 Червей (8)] => 11
Дилер открыл карту 7 Червей (7)
    Ваши карты: [Дама Бубен (10), 6 Пик (6)] => 16
    Карты диллера: [3 Червей (3), 8 Червей (8), 7 Червей (7)] => 18
Вы проиграли раунд! :( Счет 4:6 в пользу дилера.
Хотите сыграть ещё?(Введите 1 для следующего раунда, 0 чтобы закончить игру)
Раунд 12
Дилер раздал карты
    Ваши карты: [10 Червей (10), 4 Бубен (4)] => 14
    Карты дилера: [Дама Червей (10) <SecreteCard>]
Ваш ход:
-------
Введите “1”, чтобы взять карту, и “0”, чтобы остановиться...
Ход дилера:
-------
Дилер открыл свою вторую карту
    Ваши карты: [10 Червей (10), 4 Бубен (4)] => 14
    Карты диллера: [Дама Червей (10), Валет Червей (10)] => 20
Вы проиграли раунд! :( Счет 4:7 в пользу дилера.
Хотите сыграть ещё?(Введите 1 для следующего раунда, 0 чтобы закончить игру)
Финальный счёт: 4:7
Спасибо за игру заходи ещё
]]></system-out>
  <system-err><![CDATA[]]></system-err>
</testsuite>
