<?xml version="1.0" encoding="UTF-8"?>
<testsuite name="org.example.BlackjackTest" tests="4" skipped="1" failures="0" errors="0" timestamp="2025-09-17T17:55:16" hostname="rend-V15x-V17xRNx" time="0.379">
  <properties/>
  <testcase name="tesDeckLogic()" classname="org.example.BlackjackTest" time="0.016"/>
  <testcase name="testMain()" classname="org.example.BlackjackTest" time="0.017"/>
  <testcase name="testCardLogic()" classname="org.example.BlackjackTest" time="0.0"/>
  <testcase name="testHandLogic()" classname="org.example.BlackjackTest" time="0.343">
    <skipped/>
  </testcase>
  <system-out><![CDATA[Добро пожаловать в мою реализацию игры BlackJack
Выберите количество колод: 
Раунд 1
Дилер раздал карты
    Ваши карты: [Король Треф (10), 7 Пик (7)] => 17
    Карты дилера: [6 Пик (6) <SecreteCard>]
Ваш ход:
-------
Введите "1", чтобы взять карту, и "0", чтобы остановиться...
Ход дилера:
-------
Дилер открыл свою вторую карту
    Ваши карты: [Король Треф (10), 7 Пик (7)] => 17
    Карты дилера: [6 Пик (6), 9 Треф (9)] => 15
Дилер открыл карту 10 Пик (10)
    Ваши карты: [Король Треф (10), 7 Пик (7)] => 17
    Карты дилера: [6 Пик (6), 9 Треф (9), 10 Пик (10)] => 25
Вы выиграли раунд! :) Счет 1:0 в вашу пользу.
Хотите сыграть ещё?(Введите 1 для следующего раунда, 0 чтобы закончить игру)
Раунд 2
Дилер раздал карты
    Ваши карты: [5 Пик (5), 9 Треф (9)] => 14
    Карты дилера: [6 Червей (6) <SecreteCard>]
Ваш ход:
-------
Введите "1", чтобы взять карту, и "0", чтобы остановиться...
Ход дилера:
-------
Дилер открыл свою вторую карту
    Ваши карты: [5 Пик (5), 9 Треф (9)] => 14
    Карты дилера: [6 Червей (6), 9 Пик (9)] => 15
Дилер открыл карту Валет Бубен (10)
    Ваши карты: [5 Пик (5), 9 Треф (9)] => 14
    Карты дилера: [6 Червей (6), 9 Пик (9), Валет Бубен (10)] => 25
Вы выиграли раунд! :) Счет 2:0 в вашу пользу.
Хотите сыграть ещё?(Введите 1 для следующего раунда, 0 чтобы закончить игру)
Раунд 3
Дилер раздал карты
    Ваши карты: [Дама Червей (10), 9 Пик (9)] => 19
    Карты дилера: [Туз Треф (11) <SecreteCard>]
Ваш ход:
-------
Введите "1", чтобы взять карту, и "0", чтобы остановиться...
Ход дилера:
-------
Дилер открыл свою вторую карту
    Ваши карты: [Дама Червей (10), 9 Пик (9)] => 19
    Карты дилера: [Туз Треф (11), 4 Пик (4)] => 15
Дилер открыл карту 3 Пик (3)
    Ваши карты: [Дама Червей (10), 9 Пик (9)] => 19
    Карты дилера: [Туз Треф (11), 4 Пик (4), 3 Пик (3)] => 18
Вы выиграли раунд! :) Счет 3:0 в вашу пользу.
Хотите сыграть ещё?(Введите 1 для следующего раунда, 0 чтобы закончить игру)
Раунд 4
Дилер раздал карты
    Ваши карты: [4 Пик (4), 9 Червей (9)] => 13
    Карты дилера: [5 Бубен (5) <SecreteCard>]
Ваш ход:
-------
Введите "1", чтобы взять карту, и "0", чтобы остановиться...
Ход дилера:
-------
Дилер открыл свою вторую карту
    Ваши карты: [4 Пик (4), 9 Червей (9)] => 13
    Карты дилера: [5 Бубен (5), Туз Бубен (11)] => 16
Дилер открыл карту 8 Треф (8)
    Ваши карты: [4 Пик (4), 9 Червей (9)] => 13
    Карты дилера: [5 Бубен (5), Туз Бубен (11), 8 Треф (8)] => 14
Дилер открыл карту 2 Треф (2)
    Ваши карты: [4 Пик (4), 9 Червей (9)] => 13
    Карты дилера: [5 Бубен (5), Туз Бубен (11), 8 Треф (8), 2 Треф (2)] => 26
Вы выиграли раунд! :) Счет 4:0 в вашу пользу.
Хотите сыграть ещё?(Введите 1 для следующего раунда, 0 чтобы закончить игру)
Раунд 5
Дилер раздал карты
    Ваши карты: [6 Треф (6), 3 Червей (3)] => 9
    Карты дилера: [Король Бубен (10) <SecreteCard>]
Ваш ход:
-------
Введите "1", чтобы взять карту, и "0", чтобы остановиться...
Ход дилера:
-------
Дилер открыл свою вторую карту
    Ваши карты: [6 Треф (6), 3 Червей (3)] => 9
    Карты дилера: [Король Бубен (10), 9 Бубен (9)] => 19
Вы проиграли раунд! :( Счет 4:1 в вашу пользу.
Хотите сыграть ещё?(Введите 1 для следующего раунда, 0 чтобы закончить игру)
Раунд 6
Дилер раздал карты
    Ваши карты: [Валет Пик (10), 8 Червей (8)] => 18
    Карты дилера: [4 Бубен (4) <SecreteCard>]
Ваш ход:
-------
Введите "1", чтобы взять карту, и "0", чтобы остановиться...
Ход дилера:
-------
Дилер открыл свою вторую карту
    Ваши карты: [Валет Пик (10), 8 Червей (8)] => 18
    Карты дилера: [4 Бубен (4), 2 Бубен (2)] => 6
Дилер открыл карту 8 Треф (8)
    Ваши карты: [Валет Пик (10), 8 Червей (8)] => 18
    Карты дилера: [4 Бубен (4), 2 Бубен (2), 8 Треф (8)] => 14
Дилер открыл карту 7 Бубен (7)
    Ваши карты: [Валет Пик (10), 8 Червей (8)] => 18
    Карты дилера: [4 Бубен (4), 2 Бубен (2), 8 Треф (8), 7 Бубен (7)] => 21
Вы проиграли раунд! :( Счет 4:2 в вашу пользу.
Хотите сыграть ещё?(Введите 1 для следующего раунда, 0 чтобы закончить игру)
Раунд 7
Дилер раздал карты
    Ваши карты: [Валет Треф (10), 7 Треф (7)] => 17
    Карты дилера: [3 Бубен (3) <SecreteCard>]
Ваш ход:
-------
Введите "1", чтобы взять карту, и "0", чтобы остановиться...
Ход дилера:
-------
Дилер открыл свою вторую карту
    Ваши карты: [Валет Треф (10), 7 Треф (7)] => 17
    Карты дилера: [3 Бубен (3), 5 Пик (5)] => 8
Дилер открыл карту Туз Червей (11)
    Ваши карты: [Валет Треф (10), 7 Треф (7)] => 17
    Карты дилера: [3 Бубен (3), 5 Пик (5), Туз Червей (11)] => 19
Вы проиграли раунд! :( Счет 4:3 в вашу пользу.
Хотите сыграть ещё?(Введите 1 для следующего раунда, 0 чтобы закончить игру)
Раунд 8
Дилер раздал карты
    Ваши карты: [Король Пик (10), 6 Пик (6)] => 16
    Карты дилера: [10 Треф (10) <SecreteCard>]
Ваш ход:
-------
Введите "1", чтобы взять карту, и "0", чтобы остановиться...
Ход дилера:
-------
Дилер открыл свою вторую карту
    Ваши карты: [Король Пик (10), 6 Пик (6)] => 16
    Карты дилера: [10 Треф (10), Валет Червей (10)] => 20
Вы проиграли раунд! :( Счет 4:4
Хотите сыграть ещё?(Введите 1 для следующего раунда, 0 чтобы закончить игру)
Раунд 9
Дилер раздал карты
    Ваши карты: [4 Треф (4), Туз Червей (11)] => 15
    Карты дилера: [8 Бубен (8) <SecreteCard>]
Ваш ход:
-------
Введите "1", чтобы взять карту, и "0", чтобы остановиться...
Ход дилера:
-------
Дилер открыл свою вторую карту
    Ваши карты: [4 Треф (4), Туз Червей (11)] => 15
    Карты дилера: [8 Бубен (8), 7 Пик (7)] => 15
Дилер открыл карту 5 Бубен (5)
    Ваши карты: [4 Треф (4), Туз Червей (11)] => 15
    Карты дилера: [8 Бубен (8), 7 Пик (7), 5 Бубен (5)] => 20
Вы проиграли раунд! :( Счет 4:5 в пользу дилера.
Хотите сыграть ещё?(Введите 1 для следующего раунда, 0 чтобы закончить игру)
Раунд 10
Дилер раздал карты
    Ваши карты: [Король Бубен (10), 4 Треф (4)] => 14
    Карты дилера: [8 Бубен (8) <SecreteCard>]
Ваш ход:
-------
Введите "1", чтобы взять карту, и "0", чтобы остановиться...
Ход дилера:
-------
Дилер открыл свою вторую карту
    Ваши карты: [Король Бубен (10), 4 Треф (4)] => 14
    Карты дилера: [8 Бубен (8), 10 Бубен (10)] => 18
Вы проиграли раунд! :( Счет 4:6 в пользу дилера.
Хотите сыграть ещё?(Введите 1 для следующего раунда, 0 чтобы закончить игру)
Раунд 11
Дилер раздал карты
    Ваши карты: [5 Треф (5), 2 Червей (2)] => 7
    Карты дилера: [5 Червей (5) <SecreteCard>]
Ваш ход:
-------
Введите "1", чтобы взять карту, и "0", чтобы остановиться...
Ход дилера:
-------
Дилер открыл свою вторую карту
    Ваши карты: [5 Треф (5), 2 Червей (2)] => 7
    Карты дилера: [5 Червей (5), Туз Бубен (11)] => 16
Дилер открыл карту 4 Червей (4)
    Ваши карты: [5 Треф (5), 2 Червей (2)] => 7
    Карты дилера: [5 Червей (5), Туз Бубен (11), 4 Червей (4)] => 20
Вы проиграли раунд! :( Счет 4:7 в пользу дилера.
Хотите сыграть ещё?(Введите 1 для следующего раунда, 0 чтобы закончить игру)
Раунд 12
Дилер раздал карты
    Ваши карты: [Валет Пик (10), 8 Пик (8)] => 18
    Карты дилера: [Дама Треф (10) <SecreteCard>]
Ваш ход:
-------
Введите "1", чтобы взять карту, и "0", чтобы остановиться...
Ход дилера:
-------
Дилер открыл свою вторую карту
    Ваши карты: [Валет Пик (10), 8 Пик (8)] => 18
    Карты дилера: [Дама Треф (10), Дама Бубен (10)] => 20
Вы проиграли раунд! :( Счет 4:8 в пользу дилера.
Хотите сыграть ещё?(Введите 1 для следующего раунда, 0 чтобы закончить игру)
Финальный счёт: 4:8
Спасибо за игру заходи ещё
]]></system-out>
  <system-err><![CDATA[]]></system-err>
</testsuite>
