<?xml version="1.0" encoding="UTF-8"?>
<testsuite name="org.example.ParseTest" tests="5" skipped="0" failures="0" errors="0" timestamp="2025-10-09T14:34:35.367Z" hostname="rend-V15x-V17xRNx" time="0.026">
  <properties/>
  <testcase name="moreLetterWord()" classname="org.example.ParseTest" time="0.015"/>
  <testcase name="simpleTest()" classname="org.example.ParseTest" time="0.001"/>
  <testcase name="spaceTest()" classname="org.example.ParseTest" time="0.001"/>
  <testcase name="negativeNumberTest()" classname="org.example.ParseTest" time="0.003"/>
  <testcase name="failTest()" classname="org.example.ParseTest" time="0.003"/>
  <system-out><![CDATA[]]></system-out>
  <system-err><![CDATA[]]></system-err>
</testsuite>
